C:\USERS\EDU-MSK3-309T\DOCUMENTS\VISUAL STUDIO 2012\PROJECTS\SOCKET\SOCKET\DEBUG\SOCKET.PCH
C:\USERS\EDU-MSK3-309T\DOCUMENTS\VISUAL STUDIO 2012\PROJECTS\SOCKET\SOCKET\DEBUG\STDAFX.OBJ
C:\USERS\EDU-MSK3-309T\DOCUMENTS\VISUAL STUDIO 2012\PROJECTS\SOCKET\SOCKET\DEBUG\VC110.PDB
C:\USERS\EDU-MSK3-309T\DOCUMENTS\VISUAL STUDIO 2012\PROJECTS\SOCKET\SOCKET\DEBUG\SOCKET.OBJ
C:\USERS\EDU-MSK3-309T\DOCUMENTS\VISUAL STUDIO 2012\PROJECTS\SOCKET\DEBUG\SOCKET.ILK
C:\USERS\EDU-MSK3-309T\DOCUMENTS\VISUAL STUDIO 2012\PROJECTS\SOCKET\DEBUG\SOCKET.EXE
C:\USERS\EDU-MSK3-309T\DOCUMENTS\VISUAL STUDIO 2012\PROJECTS\SOCKET\DEBUG\SOCKET.PDB
C:\Users\edu-msk3-309t\Documents\Visual Studio 2012\Projects\Socket\Socket\Debug\Socket.obj
C:\Users\edu-msk3-309t\Documents\Visual Studio 2012\Projects\Socket\Socket\Debug\stdafx.obj
C:\Users\edu-msk3-309t\Documents\Visual Studio 2012\Projects\Socket\Socket\Debug\cl.command.1.tlog
C:\Users\edu-msk3-309t\Documents\Visual Studio 2012\Projects\Socket\Socket\Debug\CL.read.1.tlog
C:\Users\edu-msk3-309t\Documents\Visual Studio 2012\Projects\Socket\Socket\Debug\CL.write.1.tlog
C:\Users\edu-msk3-309t\Documents\Visual Studio 2012\Projects\Socket\Socket\Debug\link-cvtres.read.1.tlog
C:\Users\edu-msk3-309t\Documents\Visual Studio 2012\Projects\Socket\Socket\Debug\link-cvtres.write.1.tlog
C:\Users\edu-msk3-309t\Documents\Visual Studio 2012\Projects\Socket\Socket\Debug\link-rc.read.1.tlog
C:\Users\edu-msk3-309t\Documents\Visual Studio 2012\Projects\Socket\Socket\Debug\link-rc.write.1.tlog
C:\Users\edu-msk3-309t\Documents\Visual Studio 2012\Projects\Socket\Socket\Debug\link.6048-cvtres.read.1.tlog
C:\Users\edu-msk3-309t\Documents\Visual Studio 2012\Projects\Socket\Socket\Debug\link.6048-cvtres.write.1.tlog
C:\Users\edu-msk3-309t\Documents\Visual Studio 2012\Projects\Socket\Socket\Debug\link.6048-rc.read.1.tlog
C:\Users\edu-msk3-309t\Documents\Visual Studio 2012\Projects\Socket\Socket\Debug\link.6048-rc.write.1.tlog
C:\Users\edu-msk3-309t\Documents\Visual Studio 2012\Projects\Socket\Socket\Debug\link.6048.read.1.tlog
C:\Users\edu-msk3-309t\Documents\Visual Studio 2012\Projects\Socket\Socket\Debug\link.6048.write.1.tlog
C:\Users\edu-msk3-309t\Documents\Visual Studio 2012\Projects\Socket\Socket\Debug\link.9392-cvtres.read.1.tlog
C:\Users\edu-msk3-309t\Documents\Visual Studio 2012\Projects\Socket\Socket\Debug\link.9392-cvtres.write.1.tlog
C:\Users\edu-msk3-309t\Documents\Visual Studio 2012\Projects\Socket\Socket\Debug\link.9392-rc.read.1.tlog
C:\Users\edu-msk3-309t\Documents\Visual Studio 2012\Projects\Socket\Socket\Debug\link.9392-rc.write.1.tlog
C:\Users\edu-msk3-309t\Documents\Visual Studio 2012\Projects\Socket\Socket\Debug\link.9392.read.1.tlog
C:\Users\edu-msk3-309t\Documents\Visual Studio 2012\Projects\Socket\Socket\Debug\link.9392.write.1.tlog
C:\Users\edu-msk3-309t\Documents\Visual Studio 2012\Projects\Socket\Socket\Debug\link.command.1.tlog
C:\Users\edu-msk3-309t\Documents\Visual Studio 2012\Projects\Socket\Socket\Debug\link.read.1.tlog
C:\Users\edu-msk3-309t\Documents\Visual Studio 2012\Projects\Socket\Socket\Debug\link.write.1.tlog
C:\Users\edu-msk3-309t\Documents\Visual Studio 2012\Projects\Socket\Socket\Debug\Socket.pch
C:\Users\edu-msk3-309t\Documents\Visual Studio 2012\Projects\Socket\Socket\Debug\vc110.idb
C:\Users\edu-msk3-309t\Documents\Visual Studio 2012\Projects\Socket\Socket\Debug\vc110.pdb
C:\Users\edu-msk3-309t\Documents\Visual Studio 2012\Projects\Socket\Debug\Socket.pdb
C:\Users\edu-msk3-309t\Documents\Visual Studio 2012\Projects\Socket\Debug\Socket.exe
C:\Users\edu-msk3-309t\Documents\Visual Studio 2012\Projects\Socket\Debug\Socket.ilk
